\BOOKMARK [0][-]{chapter.1}{\376\377\145\160\133\146\122\006\147\220}{}% 1
\BOOKMARK [1][-]{section.1.1}{\376\377\145\160\122\027}{chapter.1}% 2
\BOOKMARK [1][-]{section.1.2}{\376\377\116\015\173\111\137\017}{chapter.1}% 3
\BOOKMARK [1][-]{section.1.3}{\376\377\217\336\176\355\121\375\145\160}{chapter.1}% 4
\BOOKMARK [1][-]{section.1.4}{\376\377\137\256\122\006\116\055\120\074\133\232\164\006}{chapter.1}% 5
\BOOKMARK [1][-]{section.1.5}{\376\377\145\160\230\171\176\247\145\160}{chapter.1}% 6
\BOOKMARK [1][-]{section.1.6}{\376\377\236\316\146\374\171\357\122\006}{chapter.1}% 7
\BOOKMARK [0][-]{chapter.2}{\376\377\171\273\145\143\145\160\133\146}{}% 8
\BOOKMARK [1][-]{section.2.1}{\376\377\145\160\164\006\220\073\217\221}{chapter.2}% 9
\BOOKMARK [1][-]{section.2.2}{\376\377\226\306\124\010\213\272}{chapter.2}% 10
\BOOKMARK [1][-]{section.2.3}{\376\377\116\343\145\160\176\323\147\204}{chapter.2}% 11
\BOOKMARK [2][-]{subsection.2.3.1}{\376\377\116\343\145\160\174\373\176\337}{section.2.3}% 12
\BOOKMARK [2][-]{subsection.2.3.2}{\376\377\177\244\116\016\163\257}{section.2.3}% 13
\BOOKMARK [0][-]{chapter.3}{\376\377\131\015\122\006\147\220}{}% 14
\BOOKMARK [1][-]{section.3.1}{\376\377\131\015\145\160}{chapter.3}% 15
\BOOKMARK [1][-]{section.3.2}{\376\377\131\015\171\357\122\006}{chapter.3}% 16
\BOOKMARK [1][-]{section.3.3}{\376\377\131\015\176\247\145\160}{chapter.3}% 17
\BOOKMARK [1][-]{section.3.4}{\376\377\211\343\147\220\121\375\145\160}{chapter.3}% 18
\BOOKMARK [1][-]{section.3.5}{\376\377\121\161\137\142\146\040\134\004}{chapter.3}% 19
\BOOKMARK [0][-]{chapter.4}{\376\377\117\341\123\367\116\016\174\373\176\337}{}% 20
\BOOKMARK [1][-]{section.4.1}{\376\377\117\341\123\367\116\016\174\373\176\337}{chapter.4}% 21
\BOOKMARK [1][-]{section.4.2}{\376\377\176\277\140\047\145\366\116\015\123\330\174\373\176\337}{chapter.4}% 22
\BOOKMARK [1][-]{section.4.3}{\376\377\217\336\176\355\145\366\225\364\120\205\221\314\123\366\123\330\143\142}{chapter.4}% 23
\BOOKMARK [1][-]{section.4.4}{\376\377\171\273\145\143\145\366\225\364\120\205\221\314\123\366\123\330\143\142}{chapter.4}% 24
\BOOKMARK [1][-]{section.4.5}{\376\377\221\307\150\067}{chapter.4}% 25
\BOOKMARK [1][-]{section.4.6}{\376\377\142\311\146\156\142\311\145\257\123\330\143\142}{chapter.4}% 26
\BOOKMARK [1][-]{section.4.7}{\376\377\000z\123\330\143\142}{chapter.4}% 27
